<?xml version="1.0" encoding="UTF-8"?>
<coverage generated="1649744152709" clover="3.2.0">
  <project timestamp="1649744152709" name="All files">
    <metrics statements="21" coveredstatements="21" conditionals="6" coveredconditionals="4" methods="3" coveredmethods="3" elements="30" coveredelements="28" complexity="0" loc="21" ncloc="21" packages="1" files="1" classes="1"/>
    <file name="svgIcon.vue" path="/Users/xianyongwen/Documents/myProject/svgIcon/src/components/svgIcon.vue">
      <metrics statements="21" coveredstatements="21" conditionals="6" coveredconditionals="4" methods="3" coveredmethods="3"/>
      <line num="12" count="1" type="stmt"/>
      <line num="25" count="4" type="stmt"/>
      <line num="26" count="1" type="cond" truecount="1" falsecount="1"/>
      <line num="27" count="1" type="stmt"/>
      <line num="30" count="4" type="stmt"/>
      <line num="31" count="4" type="stmt"/>
      <line num="32" count="4" type="stmt"/>
      <line num="33" count="4" type="stmt"/>
      <line num="35" count="4" type="stmt"/>
      <line num="36" count="3" type="stmt"/>
      <line num="38" count="1" type="stmt"/>
      <line num="39" count="1" type="stmt"/>
      <line num="41" count="3" type="cond" truecount="2" falsecount="0"/>
      <line num="42" count="1" type="stmt"/>
      <line num="43" count="1" type="stmt"/>
      <line num="45" count="2" type="stmt"/>
      <line num="46" count="2" type="stmt"/>
      <line num="47" count="2" type="cond" truecount="1" falsecount="1"/>
      <line num="48" count="2" type="stmt"/>
      <line num="52" count="4" type="stmt"/>
      <line num="53" count="4" type="stmt"/>
    </file>
  </project>
</coverage>
