{"/Users/xianyongwen/Documents/myProject/svgIcon/src/components/svgIcon.vue": {"path":"/Users/xianyongwen/Documents/myProject/svgIcon/src/components/svgIcon.vue","statementMap":{"0":{"start":{"line":12,"column":0},"end":{"line":12,"column":null}},"1":{"start":{"line":25,"column":19},"end":{"line":28,"column":null}},"2":{"start":{"line":26,"column":2},"end":{"line":26,"column":7}},"3":{"start":{"line":27,"column":2},"end":{"line":27,"column":6}},"4":{"start":{"line":30,"column":16},"end":{"line":30,"column":20}},"5":{"start":{"line":31,"column":19},"end":{"line":31,"column":23}},"6":{"start":{"line":32,"column":28},"end":{"line":32,"column":null}},"7":{"start":{"line":33,"column":19},"end":{"line":50,"column":null}},"8":{"start":{"line":33,"column":19},"end":{"line":33,"column":null}},"9":{"start":{"line":35,"column":26},"end":{"line":35,"column":32}},"10":{"start":{"line":35,"column":8},"end":{"line":35,"column":17}},"11":{"start":{"line":36,"column":4},"end":{"line":36,"column":20}},"12":{"start":{"line":38,"column":4},"end":{"line":38,"column":11}},"13":{"start":{"line":39,"column":4},"end":{"line":39,"column":null}},"14":{"start":{"line":41,"column":2},"end":{"line":49,"column":null}},"15":{"start":{"line":42,"column":4},"end":{"line":42,"column":11}},"16":{"start":{"line":43,"column":4},"end":{"line":43,"column":null}},"17":{"start":{"line":45,"column":10},"end":{"line":45,"column":15}},"18":{"start":{"line":46,"column":4},"end":{"line":46,"column":9}},"19":{"start":{"line":47,"column":4},"end":{"line":47,"column":11}},"20":{"start":{"line":48,"column":4},"end":{"line":48,"column":14}},"21":{"start":{"line":52,"column":0},"end":{"line":52,"column":10}},"22":{"start":{"line":53,"column":0},"end":{"line":53,"column":6}},"23":{"start":{"line":53,"column":12},"end":{"line":53,"column":17}}},"fnMap":{"0":{"name":"(anonymous_1)","decl":{"start":{"line":25,"column":19},"end":{"line":25,"column":20}},"loc":{"start":{"line":25,"column":20},"end":{"line":28,"column":null}}},"1":{"name":"(anonymous_2)","decl":{"start":{"line":33,"column":19},"end":{"line":33,"column":null}},"loc":{"start":{"line":33,"column":19},"end":{"line":50,"column":null}}},"2":{"name":"(anonymous_5)","decl":{"start":{"line":53,"column":6},"end":{"line":53,"column":12}},"loc":{"start":{"line":53,"column":6},"end":{"line":53,"column":29}}}},"branchMap":{"0":{"loc":{"start":{"line":26,"column":2},"end":{"line":26,"column":22}},"type":"binary-expr","locations":[{"start":{"line":26,"column":2},"end":{"line":26,"column":21}},{"start":{"line":26,"column":21},"end":{"line":26,"column":22}}]},"1":{"loc":{"start":{"line":41,"column":2},"end":{"line":49,"column":null}},"type":"if","locations":[{"start":{"line":41,"column":2},"end":{"line":49,"column":null}},{"start":{"line":44,"column":9},"end":{"line":49,"column":null}}]},"2":{"loc":{"start":{"line":47,"column":20},"end":{"line":47,"column":null}},"type":"binary-expr","locations":[{"start":{"line":47,"column":20},"end":{"line":47,"column":25}},{"start":{"line":47,"column":65},"end":{"line":47,"column":null}}]}},"s":{"0":1,"1":4,"2":1,"3":1,"4":4,"5":4,"6":4,"7":4,"8":4,"9":4,"10":4,"11":3,"12":1,"13":1,"14":3,"15":1,"16":1,"17":2,"18":2,"19":2,"20":2,"21":4,"22":4,"23":4},"f":{"0":1,"1":8,"2":4},"b":{"0":[1,0],"1":[1,2],"2":[2,0]}}
}
